<?xml version="1.0" encoding="UTF-8"?>
<testsuite xmlns:xsi="http://www.w3.org/2001/XMLSchema-instance" xsi:noNamespaceSchemaLocation="https://maven.apache.org/surefire/maven-surefire-plugin/xsd/surefire-test-report-3.0.xsd" version="3.0" name="com.org.resumebuilder.ResumeBuilderApplicationTests" time="4.31" tests="1" errors="0" skipped="0" failures="0">
  <properties>
[...]
</properties>
  <testcase name="contextLoads" classname="com.org.resumebuilder.ResumeBuilderApplicationTests" time="0.332">
    <system-out><![CDATA[10:42:40.299 [main] INFO org.springframework.test.context.support.AnnotationConfigContextLoaderUtils -- Could not detect default configuration classes for test class [com.org.resumebuilder.ResumeBuilderApplicationTests]: ResumeBuilderApplicationTests does not declare any static, non-private, non-final, nested classes annotated with @Configuration.
10:42:40.368 [main] INFO org.springframework.boot.test.context.SpringBootTestContextBootstrapper -- Found @SpringBootConfiguration com.org.resumebuilder.ResumeBuilderApplication for test class com.org.resumebuilder.ResumeBuilderApplicationTests
10:42:40.469 [main] INFO org.springframework.boot.devtools.restart.RestartApplicationListener -- Restart disabled due to context in which it is running

  .   ____          _            __ _ _
 /\\ / ___'_ __ _ _(_)_ __  __ _ \ \ \ \
( ( )\___ | '_ | '_| | '_ \/ _` | \ \ \ \
 \\/  ___)| |_)| | | | | || (_| |  ) ) ) )
  '  |____| .__|_| |_|_| |_\__, | / / / /
 =========|_|==============|___/=/_/_/_/

 :: Spring Boot ::                (v3.3.1)

2024-08-14T10:42:40.646+05:30  INFO 11200 --- [Resume-Builder] [           main] c.o.r.ResumeBuilderApplicationTests      : Starting ResumeBuilderApplicationTests using Java 21.0.3 with PID 11200 (started by Java.Dev4 in D:\Krunal Parmar\Workspace\JAVA PROJECTS\Api-Resume-Builder\Resume-Builder)
2024-08-14T10:42:40.647+05:30  INFO 11200 --- [Resume-Builder] [           main] c.o.r.ResumeBuilderApplicationTests      : No active profile set, falling back to 1 default profile: "default"
2024-08-14T10:42:41.121+05:30  INFO 11200 --- [Resume-Builder] [           main] .s.d.r.c.RepositoryConfigurationDelegate : Multiple Spring Data modules found, entering strict repository configuration mode
2024-08-14T10:42:41.122+05:30  INFO 11200 --- [Resume-Builder] [           main] .s.d.r.c.RepositoryConfigurationDelegate : Bootstrapping Spring Data JDBC repositories in DEFAULT mode.
2024-08-14T10:42:41.145+05:30  INFO 11200 --- [Resume-Builder] [           main] .RepositoryConfigurationExtensionSupport : Spring Data JDBC - Could not safely identify store assignment for repository candidate interface com.org.resumebuilder.repository.CertificateRepository; If you want this repository to be a JDBC repository, consider annotating your entities with one of these annotations: org.springframework.data.relational.core.mapping.Table.
2024-08-14T10:42:41.146+05:30  INFO 11200 --- [Resume-Builder] [           main] .RepositoryConfigurationExtensionSupport : Spring Data JDBC - Could not safely identify store assignment for repository candidate interface com.org.resumebuilder.repository.EducationRepository; If you want this repository to be a JDBC repository, consider annotating your entities with one of these annotations: org.springframework.data.relational.core.mapping.Table.
2024-08-14T10:42:41.146+05:30  INFO 11200 --- [Resume-Builder] [           main] .RepositoryConfigurationExtensionSupport : Spring Data JDBC - Could not safely identify store assignment for repository candidate interface com.org.resumebuilder.repository.ProjectRepository; If you want this repository to be a JDBC repository, consider annotating your entities with one of these annotations: org.springframework.data.relational.core.mapping.Table.
2024-08-14T10:42:41.147+05:30  INFO 11200 --- [Resume-Builder] [           main] .RepositoryConfigurationExtensionSupport : Spring Data JDBC - Could not safely identify store assignment for repository candidate interface com.org.resumebuilder.repository.ResumeBuilderRepository; If you want this repository to be a JDBC repository, consider annotating your entities with one of these annotations: org.springframework.data.relational.core.mapping.Table.
2024-08-14T10:42:41.148+05:30  INFO 11200 --- [Resume-Builder] [           main] .RepositoryConfigurationExtensionSupport : Spring Data JDBC - Could not safely identify store assignment for repository candidate interface com.org.resumebuilder.repository.SkillsInterestRepository; If you want this repository to be a JDBC repository, consider annotating your entities with one of these annotations: org.springframework.data.relational.core.mapping.Table.
2024-08-14T10:42:41.149+05:30  INFO 11200 --- [Resume-Builder] [           main] .RepositoryConfigurationExtensionSupport : Spring Data JDBC - Could not safely identify store assignment for repository candidate interface com.org.resumebuilder.repository.UserRepository; If you want this repository to be a JDBC repository, consider annotating your entities with one of these annotations: org.springframework.data.relational.core.mapping.Table.
2024-08-14T10:42:41.150+05:30  INFO 11200 --- [Resume-Builder] [           main] .RepositoryConfigurationExtensionSupport : Spring Data JDBC - Could not safely identify store assignment for repository candidate interface com.org.resumebuilder.repository.WorkExperienceRepository; If you want this repository to be a JDBC repository, consider annotating your entities with one of these annotations: org.springframework.data.relational.core.mapping.Table.
2024-08-14T10:42:41.151+05:30  INFO 11200 --- [Resume-Builder] [           main] .s.d.r.c.RepositoryConfigurationDelegate : Finished Spring Data repository scanning in 25 ms. Found 0 JDBC repository interfaces.
2024-08-14T10:42:41.161+05:30  INFO 11200 --- [Resume-Builder] [           main] .s.d.r.c.RepositoryConfigurationDelegate : Multiple Spring Data modules found, entering strict repository configuration mode
2024-08-14T10:42:41.161+05:30  INFO 11200 --- [Resume-Builder] [           main] .s.d.r.c.RepositoryConfigurationDelegate : Bootstrapping Spring Data JPA repositories in DEFAULT mode.
2024-08-14T10:42:41.189+05:30  INFO 11200 --- [Resume-Builder] [           main] .s.d.r.c.RepositoryConfigurationDelegate : Finished Spring Data repository scanning in 26 ms. Found 7 JPA repository interfaces.
2024-08-14T10:42:41.594+05:30  INFO 11200 --- [Resume-Builder] [           main] o.hibernate.jpa.internal.util.LogHelper  : HHH000204: Processing PersistenceUnitInfo [name: default]
2024-08-14T10:42:41.652+05:30  INFO 11200 --- [Resume-Builder] [           main] org.hibernate.Version                    : HHH000412: Hibernate ORM core version 6.5.2.Final
2024-08-14T10:42:41.688+05:30  INFO 11200 --- [Resume-Builder] [           main] o.h.c.internal.RegionFactoryInitiator    : HHH000026: Second-level cache disabled
2024-08-14T10:42:41.942+05:30  INFO 11200 --- [Resume-Builder] [           main] o.s.o.j.p.SpringPersistenceUnitInfo      : No LoadTimeWeaver setup: ignoring JPA class transformer
2024-08-14T10:42:41.960+05:30  INFO 11200 --- [Resume-Builder] [           main] com.zaxxer.hikari.HikariDataSource       : HikariPool-1 - Starting...
2024-08-14T10:42:42.154+05:30  INFO 11200 --- [Resume-Builder] [           main] com.zaxxer.hikari.pool.HikariPool        : HikariPool-1 - Added connection org.postgresql.jdbc.PgConnection@1e5aacd9
2024-08-14T10:42:42.155+05:30  INFO 11200 --- [Resume-Builder] [           main] com.zaxxer.hikari.HikariDataSource       : HikariPool-1 - Start completed.
2024-08-14T10:42:42.188+05:30  WARN 11200 --- [Resume-Builder] [           main] org.hibernate.orm.deprecation            : HHH90000025: PostgreSQLDialect does not need to be specified explicitly using 'hibernate.dialect' (remove the property setting and it will be selected by default)
2024-08-14T10:42:42.835+05:30  INFO 11200 --- [Resume-Builder] [           main] o.h.e.t.j.p.i.JtaPlatformInitiator       : HHH000489: No JTA platform available (set 'hibernate.transaction.jta.platform' to enable JTA platform integration)
2024-08-14T10:42:42.930+05:30  INFO 11200 --- [Resume-Builder] [           main] j.LocalContainerEntityManagerFactoryBean : Initialized JPA EntityManagerFactory for persistence unit 'default'
2024-08-14T10:42:43.334+05:30  INFO 11200 --- [Resume-Builder] [           main] r$InitializeUserDetailsManagerConfigurer : Global AuthenticationManager configured with UserDetailsService bean with name userService
2024-08-14T10:42:44.152+05:30  INFO 11200 --- [Resume-Builder] [           main] c.o.r.ResumeBuilderApplicationTests      : Started ResumeBuilderApplicationTests in 3.693 seconds (process running for 4.407)
]]></system-out>
    <system-err><![CDATA[WARNING: A Java agent has been loaded dynamically (C:\Users\Java.Dev4\.m2\repository\net\bytebuddy\byte-buddy-agent\1.14.17\byte-buddy-agent-1.14.17.jar)
WARNING: If a serviceability tool is in use, please run with -XX:+EnableDynamicAgentLoading to hide this warning
WARNING: If a serviceability tool is not in use, please run with -Djdk.instrument.traceUsage for more information
WARNING: Dynamic loading of agents will be disallowed by default in a future release
]]></system-err>
  </testcase>
</testsuite>